c:\users\1r2da\source\repos\mfcapplication1\mfcapplication1\x64\debug\mfcapplication1.pch
c:\users\1r2da\source\repos\mfcapplication1\mfcapplication1\x64\debug\vc143.pdb
c:\users\1r2da\source\repos\mfcapplication1\mfcapplication1\x64\debug\vc143.idb
c:\users\1r2da\source\repos\mfcapplication1\mfcapplication1\x64\debug\pch.obj
c:\users\1r2da\source\repos\mfcapplication1\mfcapplication1\x64\debug\mfcapplication1.obj
c:\users\1r2da\source\repos\mfcapplication1\mfcapplication1\x64\debug\mfcapplication1dlg.obj
c:\users\1r2da\source\repos\mfcapplication1\mfcapplication1\x64\debug\mfcapplication1.res
c:\users\1r2da\source\repos\mfcapplication1\x64\debug\mfcapplication1.pdb
c:\users\1r2da\source\repos\mfcapplication1\mfcapplication1\x64\debug\mfcapplication1.tlog\cl.command.1.tlog
c:\users\1r2da\source\repos\mfcapplication1\mfcapplication1\x64\debug\mfcapplication1.tlog\cl.read.1.tlog
c:\users\1r2da\source\repos\mfcapplication1\mfcapplication1\x64\debug\mfcapplication1.tlog\cl.write.1.tlog
c:\users\1r2da\source\repos\mfcapplication1\mfcapplication1\x64\debug\mfcapplication1.tlog\link-cvtres.read.1.tlog
c:\users\1r2da\source\repos\mfcapplication1\mfcapplication1\x64\debug\mfcapplication1.tlog\link-cvtres.write.1.tlog
c:\users\1r2da\source\repos\mfcapplication1\mfcapplication1\x64\debug\mfcapplication1.tlog\link-mt.read.1.tlog
c:\users\1r2da\source\repos\mfcapplication1\mfcapplication1\x64\debug\mfcapplication1.tlog\link-mt.write.1.tlog
c:\users\1r2da\source\repos\mfcapplication1\mfcapplication1\x64\debug\mfcapplication1.tlog\link-rc.read.1.tlog
c:\users\1r2da\source\repos\mfcapplication1\mfcapplication1\x64\debug\mfcapplication1.tlog\link-rc.write.1.tlog
c:\users\1r2da\source\repos\mfcapplication1\mfcapplication1\x64\debug\mfcapplication1.tlog\link.10300-cvtres.read.1.tlog
c:\users\1r2da\source\repos\mfcapplication1\mfcapplication1\x64\debug\mfcapplication1.tlog\link.10300-cvtres.write.1.tlog
c:\users\1r2da\source\repos\mfcapplication1\mfcapplication1\x64\debug\mfcapplication1.tlog\link.10300-mt.read.1.tlog
c:\users\1r2da\source\repos\mfcapplication1\mfcapplication1\x64\debug\mfcapplication1.tlog\link.10300-mt.write.1.tlog
c:\users\1r2da\source\repos\mfcapplication1\mfcapplication1\x64\debug\mfcapplication1.tlog\link.10300-rc.read.1.tlog
c:\users\1r2da\source\repos\mfcapplication1\mfcapplication1\x64\debug\mfcapplication1.tlog\link.10300-rc.write.1.tlog
c:\users\1r2da\source\repos\mfcapplication1\mfcapplication1\x64\debug\mfcapplication1.tlog\link.10300.read.1.tlog
c:\users\1r2da\source\repos\mfcapplication1\mfcapplication1\x64\debug\mfcapplication1.tlog\link.10300.read.2.tlog
c:\users\1r2da\source\repos\mfcapplication1\mfcapplication1\x64\debug\mfcapplication1.tlog\link.10300.write.1.tlog
c:\users\1r2da\source\repos\mfcapplication1\mfcapplication1\x64\debug\mfcapplication1.tlog\link.command.1.tlog
c:\users\1r2da\source\repos\mfcapplication1\mfcapplication1\x64\debug\mfcapplication1.tlog\link.read.1.tlog
c:\users\1r2da\source\repos\mfcapplication1\mfcapplication1\x64\debug\mfcapplication1.tlog\link.read.2.tlog
c:\users\1r2da\source\repos\mfcapplication1\mfcapplication1\x64\debug\mfcapplication1.tlog\link.write.1.tlog
c:\users\1r2da\source\repos\mfcapplication1\mfcapplication1\x64\debug\mfcapplication1.tlog\rc.command.1.tlog
c:\users\1r2da\source\repos\mfcapplication1\mfcapplication1\x64\debug\mfcapplication1.tlog\rc.read.1.tlog
c:\users\1r2da\source\repos\mfcapplication1\mfcapplication1\x64\debug\mfcapplication1.tlog\rc.write.1.tlog
